<?xml version="1.0" encoding="UTF-8"?>
<!-- Generated by org.testng.reporters.JUnitReportReporter -->
<testsuite hostname="DESKTOP-8G62A06" failures="0" tests="1" name="mv.demodate" time="36.469" errors="0" timestamp="2021-07-21T19:11:40 IST" skipped="0">
  <testcase classname="mv.demodate" name="f" time="36.469"/>
  <system-out/>
</testsuite> <!-- mv.demodate -->
