<?xml version="1.0" encoding="UTF-8"?>
<!-- Generated by org.testng.reporters.JUnitReportReporter -->
<testsuite hostname="DESKTOP-8G62A06" failures="0" tests="1" name="mv.webele" time="24.799" errors="0" timestamp="2021-07-20T18:29:53 IST" skipped="0">
  <testcase classname="mv.webele" name="f" time="24.799"/>
  <system-out/>
</testsuite> <!-- mv.webele -->
