<?xml version="1.0" encoding="UTF-8"?>
<!-- Generated by org.testng.reporters.JUnitReportReporter -->
<testsuite hostname="DESKTOP-8G62A06" failures="0" tests="1" name="mv.popup" time="10.581" errors="0" timestamp="2021-07-20T18:10:34 IST" skipped="0">
  <testcase classname="mv.popup" name="f" time="10.581"/>
  <system-out/>
</testsuite> <!-- mv.popup -->
