<?xml version="1.0" encoding="UTF-8"?>
<!-- Generated by org.testng.reporters.JUnitReportReporter -->
<testsuite hostname="DESKTOP-8G62A06" failures="0" tests="1" name="mv.demoorder" time="15.882" errors="0" timestamp="2021-07-20T17:03:03 IST" skipped="0">
  <testcase classname="mv.demoorder" name="f" time="15.882"/>
  <system-out/>
</testsuite> <!-- mv.demoorder -->
