<?xml version="1.0" encoding="UTF-8"?>
<!-- Generated by org.testng.reporters.JUnitReportReporter -->
<testsuite hostname="DESKTOP-8G62A06" failures="0" tests="1" name="mv.button" time="18.500" errors="0" timestamp="2021-07-21T19:14:57 IST" skipped="0">
  <testcase classname="mv.button" name="test2" time="18.500"/>
  <system-out/>
</testsuite> <!-- mv.button -->
