<?xml version="1.0" encoding="UTF-8"?>
<!-- Generated by org.testng.reporters.JUnitReportReporter -->
<testsuite hostname="DESKTOP-8G62A06" failures="0" tests="1" name="mv.checkbox" time="7.563" errors="0" timestamp="2021-07-19T15:30:18 IST" skipped="0">
  <testcase classname="mv.checkbox" name="test6" time="7.563"/>
  <system-out/>
</testsuite> <!-- mv.checkbox -->
