<?xml version="1.0" encoding="UTF-8"?>
<!-- Generated by org.testng.reporters.JUnitReportReporter -->
<testsuite hostname="DESKTOP-8G62A06" failures="0" tests="1" name="mv.editTest" time="11.952" errors="0" timestamp="2021-07-19T15:06:30 IST" skipped="0">
  <testcase classname="mv.editTest" name="test1" time="11.952"/>
  <system-out/>
</testsuite> <!-- mv.editTest -->
