<?xml version="1.0" encoding="UTF-8"?>
<!-- Generated by org.testng.reporters.JUnitReportReporter -->
<testsuite hostname="DESKTOP-8G62A06" failures="0" tests="1" name="mv.unorder" time="12.741" errors="0" timestamp="2021-07-20T15:28:45 IST" skipped="0">
  <testcase classname="mv.unorder" name="f" time="12.741"/>
  <system-out/>
</testsuite> <!-- mv.unorder -->
