<?xml version="1.0" encoding="UTF-8"?>
<!-- Generated by org.testng.reporters.JUnitReportReporter -->
<testsuite hostname="DESKTOP-8G62A06" failures="0" tests="1" name="mv.Dropdown" time="8.599" errors="0" timestamp="2021-07-19T15:20:50 IST" skipped="0">
  <testcase classname="mv.Dropdown" name="test4" time="8.599"/>
  <system-out/>
</testsuite> <!-- mv.Dropdown -->
