<?xml version="1.0" encoding="UTF-8"?>
<!-- Generated by org.testng.reporters.JUnitReportReporter -->
<testsuite hostname="DESKTOP-8G62A06" failures="0" tests="1" name="mv.RadioButton" time="9.294" errors="0" timestamp="2021-07-19T15:25:59 IST" skipped="0">
  <testcase classname="mv.RadioButton" name="test5" time="9.294"/>
  <system-out/>
</testsuite> <!-- mv.RadioButton -->
