<?xml version="1.0" encoding="UTF-8"?>
<!-- Generated by org.testng.reporters.JUnitReportReporter -->
<testsuite hostname="DESKTOP-8G62A06" failures="0" tests="1" name="mv.tooltip" time="7.476" errors="0" timestamp="2021-07-27T09:54:37 IST" skipped="0">
  <testcase classname="mv.tooltip" name="f" time="7.476"/>
  <system-out/>
</testsuite> <!-- mv.tooltip -->
