<?xml version="1.0" encoding="UTF-8"?>
<!-- Generated by org.testng.reporters.JUnitReportReporter -->
<testsuite hostname="DESKTOP-8G62A06" failures="0" tests="1" name="mv.frames" time="6.664" errors="0" timestamp="2021-07-19T12:30:48 IST" skipped="0">
  <testcase classname="mv.frames" name="testframe" time="6.664"/>
  <system-out/>
</testsuite> <!-- mv.frames -->
