<?xml version="1.0" encoding="UTF-8"?>
<!-- Generated by org.testng.reporters.JUnitReportReporter -->
<testsuite hostname="DESKTOP-8G62A06" failures="0" tests="1" name="mv.dragabble" time="17.705" errors="0" timestamp="2021-07-21T19:18:03 IST" skipped="0">
  <testcase classname="mv.dragabble" name="f" time="17.705"/>
  <system-out/>
</testsuite> <!-- mv.dragabble -->
