<?xml version="1.0" encoding="UTF-8"?>
<!-- Generated by org.testng.reporters.JUnitReportReporter -->
<testsuite hostname="DESKTOP-8G62A06" failures="0" tests="1" name="mv.demoorderlist" time="15.810" errors="0" timestamp="2021-07-20T17:04:37 IST" skipped="0">
  <testcase classname="mv.demoorderlist" name="f" time="15.810"/>
  <system-out/>
</testsuite> <!-- mv.demoorderlist -->
