<?xml version="1.0" encoding="UTF-8"?>
<!-- Generated by org.testng.reporters.JUnitReportReporter -->
<testsuite hostname="DESKTOP-8G62A06" failures="0" tests="1" name="mv.Hyperlink" time="8.869" errors="0" timestamp="2021-07-14T21:45:42 IST" skipped="0">
  <testcase classname="mv.Hyperlink" name="test3" time="8.869"/>
  <system-out/>
</testsuite> <!-- mv.Hyperlink -->
