<?xml version="1.0" encoding="UTF-8"?>
<!-- Generated by org.testng.reporters.JUnitReportReporter -->
<testsuite hostname="DESKTOP-8G62A06" failures="0" tests="1" name="mv.demounorder" time="16.452" errors="0" timestamp="2021-07-20T15:44:19 IST" skipped="0">
  <testcase classname="mv.demounorder" name="f" time="16.452"/>
  <system-out/>
</testsuite> <!-- mv.demounorder -->
