<?xml version="1.0" encoding="UTF-8"?>
<!-- Generated by org.testng.reporters.JUnitReportReporter -->
<testsuite hostname="DESKTOP-8G62A06" failures="0" tests="1" name="mv.cookies" time="12.676" errors="0" timestamp="2021-07-27T09:53:04 IST" skipped="0">
  <testcase classname="mv.cookies" name="script1" time="12.676"/>
  <system-out/>
</testsuite> <!-- mv.cookies -->
